<?xml version="1.0" encoding="UTF-8"?>
<testng-results skipped="0" failed="0" ignored="0" total="2" passed="2">
  <reporter-output>
  </reporter-output>
  <suite name="Suite" duration-ms="45" started-at="2019-11-05T05:05:15Z" finished-at="2019-11-05T05:05:15Z">
    <groups>
    </groups>
    <test name="Test" duration-ms="45" started-at="2019-11-05T05:05:15Z" finished-at="2019-11-05T05:05:15Z">
      <class name="march2018.NewTest">
        <test-method status="PASS" signature="beforeClass()[pri:0, instance:march2018.NewTest@51cdd8a]" name="beforeClass" is-config="true" duration-ms="11" started-at="2019-11-05T00:05:15Z" finished-at="2019-11-05T00:05:15Z">
          <reporter-output>
          </reporter-output>
        </test-method> <!-- beforeClass -->
        <test-method status="PASS" signature="beforeMethod()[pri:0, instance:march2018.NewTest@51cdd8a]" name="beforeMethod" is-config="true" duration-ms="1" started-at="2019-11-05T00:05:15Z" finished-at="2019-11-05T00:05:15Z">
          <reporter-output>
          </reporter-output>
        </test-method> <!-- beforeMethod -->
        <test-method status="PASS" signature="firstTest()[pri:1, instance:march2018.NewTest@51cdd8a]" name="firstTest" duration-ms="8" started-at="2019-11-05T00:05:15Z" description="first test description" finished-at="2019-11-05T00:05:15Z">
          <reporter-output>
          </reporter-output>
        </test-method> <!-- firstTest -->
        <test-method status="PASS" signature="afterMethod()[pri:0, instance:march2018.NewTest@51cdd8a]" name="afterMethod" is-config="true" duration-ms="1" started-at="2019-11-05T00:05:15Z" finished-at="2019-11-05T00:05:15Z">
          <reporter-output>
          </reporter-output>
        </test-method> <!-- afterMethod -->
        <test-method status="PASS" signature="beforeMethod()[pri:0, instance:march2018.NewTest@51cdd8a]" name="beforeMethod" is-config="true" duration-ms="0" started-at="2019-11-05T00:05:15Z" finished-at="2019-11-05T00:05:15Z">
          <reporter-output>
          </reporter-output>
        </test-method> <!-- beforeMethod -->
        <test-method status="PASS" signature="secondTest()[pri:2, instance:march2018.NewTest@51cdd8a]" name="secondTest" duration-ms="1" started-at="2019-11-05T00:05:15Z" description="second test description" finished-at="2019-11-05T00:05:15Z">
          <reporter-output>
          </reporter-output>
        </test-method> <!-- secondTest -->
        <test-method status="PASS" signature="afterMethod()[pri:0, instance:march2018.NewTest@51cdd8a]" name="afterMethod" is-config="true" duration-ms="1" started-at="2019-11-05T00:05:15Z" finished-at="2019-11-05T00:05:15Z">
          <reporter-output>
          </reporter-output>
        </test-method> <!-- afterMethod -->
        <test-method status="PASS" signature="afterClass()[pri:0, instance:march2018.NewTest@51cdd8a]" name="afterClass" is-config="true" duration-ms="0" started-at="2019-11-05T00:05:15Z" finished-at="2019-11-05T00:05:15Z">
          <reporter-output>
          </reporter-output>
        </test-method> <!-- afterClass -->
      </class> <!-- march2018.NewTest -->
    </test> <!-- Test -->
  </suite> <!-- Suite -->
</testng-results>
